  P04-318150923.cpp
E:\PC\Documents\Sebas Escuela New\8vo semestre\Computacion Grafica\Lab\Proyectos Practicas\Practica04\Window.h(12,36): warning C4244: 'return': conversion from 'GLint' to 'GLfloat', possible loss of data
  (compiling source file 'P04-318150923.cpp')
  
E:\PC\Documents\Sebas Escuela New\8vo semestre\Computacion Grafica\Lab\Proyectos Practicas\Practica04\Window.h(13,37): warning C4244: 'return': conversion from 'GLint' to 'GLfloat', possible loss of data
  (compiling source file 'P04-318150923.cpp')
  
E:\PC\Documents\Sebas Escuela New\8vo semestre\Computacion Grafica\Lab\Proyectos Practicas\Practica04\P04-318150923.cpp(28,36): warning C4305: 'initializing': truncation from 'double' to 'float'
E:\PC\Documents\Sebas Escuela New\8vo semestre\Computacion Grafica\Lab\Proyectos Practicas\Practica04\P04-318150923.cpp(191,16): warning C4018: '<': signed/unsigned mismatch
E:\PC\Documents\Sebas Escuela New\8vo semestre\Computacion Grafica\Lab\Proyectos Practicas\Practica04\P04-318150923.cpp(233,32): warning C4244: 'argument': conversion from 'double' to '_Ty', possible loss of data
E:\PC\Documents\Sebas Escuela New\8vo semestre\Computacion Grafica\Lab\Proyectos Practicas\Practica04\P04-318150923.cpp(233,32): warning C4244:         with
E:\PC\Documents\Sebas Escuela New\8vo semestre\Computacion Grafica\Lab\Proyectos Practicas\Practica04\P04-318150923.cpp(233,32): warning C4244:         [
E:\PC\Documents\Sebas Escuela New\8vo semestre\Computacion Grafica\Lab\Proyectos Practicas\Practica04\P04-318150923.cpp(233,32): warning C4244:             _Ty=GLfloat
E:\PC\Documents\Sebas Escuela New\8vo semestre\Computacion Grafica\Lab\Proyectos Practicas\Practica04\P04-318150923.cpp(233,32): warning C4244:         ]
E:\PC\Documents\Sebas Escuela New\8vo semestre\Computacion Grafica\Lab\Proyectos Practicas\Practica04\P04-318150923.cpp(235,32): warning C4244: 'argument': conversion from 'double' to '_Ty', possible loss of data
E:\PC\Documents\Sebas Escuela New\8vo semestre\Computacion Grafica\Lab\Proyectos Practicas\Practica04\P04-318150923.cpp(235,32): warning C4244:         with
E:\PC\Documents\Sebas Escuela New\8vo semestre\Computacion Grafica\Lab\Proyectos Practicas\Practica04\P04-318150923.cpp(235,32): warning C4244:         [
E:\PC\Documents\Sebas Escuela New\8vo semestre\Computacion Grafica\Lab\Proyectos Practicas\Practica04\P04-318150923.cpp(235,32): warning C4244:             _Ty=GLfloat
E:\PC\Documents\Sebas Escuela New\8vo semestre\Computacion Grafica\Lab\Proyectos Practicas\Practica04\P04-318150923.cpp(235,32): warning C4244:         ]
E:\PC\Documents\Sebas Escuela New\8vo semestre\Computacion Grafica\Lab\Proyectos Practicas\Practica04\P04-318150923.cpp(327,15): warning C4244: 'initializing': conversion from 'double' to 'GLfloat', possible loss of data
E:\PC\Documents\Sebas Escuela New\8vo semestre\Computacion Grafica\Lab\Proyectos Practicas\Practica04\P04-318150923.cpp(329,33): warning C4244: '+=': conversion from 'double' to 'GLfloat', possible loss of data
LINK : warning LNK4098: defaultlib 'MSVCRT' conflicts with use of other libs; use /NODEFAULTLIB:library
  Practica04.vcxproj -> E:\PC\Documents\Sebas Escuela New\8vo semestre\Computacion Grafica\Lab\Proyectos Practicas\Debug\Practica04.exe
